#
# There is insufficient memory for the Java Runtime Environment to continue.
# Native memory allocation (malloc) failed to allocate 19390464 bytes for AllocateHeap
# Possible reasons:
#   The system is out of physical RAM or swap space
#   The process is running with CompressedOops enabled, and the Java Heap may be blocking the growth of the native heap
# Possible solutions:
#   Reduce memory load on the system
#   Increase physical memory or swap space
#   Check if swap backing store is full
#   Decrease Java heap size (-Xmx/-Xms)
#   Decrease number of Java threads
#   Decrease Java thread stack sizes (-Xss)
#   Set larger code cache with -XX:ReservedCodeCacheSize=
#   JVM is running with Zero Based Compressed Oops mode in which the Java heap is
#     placed in the first 32GB address space. The Java Heap base address is the
#     maximum limit for the native heap growth. Please use -XX:HeapBaseMinAddress
#     to set the Java Heap base and to place the Java Heap above 32GB virtual address.
# This output file may be truncated or incomplete.
#
#  Out of Memory Error (allocation.cpp:44), pid=8196, tid=16932
#
# JRE version: OpenJDK Runtime Environment (18.0.1.1+2) (build 18.0.1.1+2-6)
# Java VM: OpenJDK 64-Bit Server VM (18.0.1.1+2-6, mixed mode, sharing, tiered, compressed oops, compressed class ptrs, g1 gc, windows-amd64)
# No core dump will be written. Minidumps are not enabled by default on client versions of Windows
#

---------------  S U M M A R Y ------------

Command Line: --module-path=D:\OOP\openjfx-18.0.1_windows-x64_bin-sdk\javafx-sdk-18.0.1\lib --add-modules=javafx.controls -javaagent:D:\OneDrive - VietNam National University - HCM INTERNATIONAL UNIVERSITY\IntelliJ IDEA Community Edition 2022.1.1\lib\idea_rt.jar=64401:D:\OneDrive - VietNam National University - HCM INTERNATIONAL UNIVERSITY\IntelliJ IDEA Community Edition 2022.1.1\bin -Dfile.encoding=UTF-8 GameRunner.RunBomberman

Host: Intel(R) Core(TM) i7-10750H CPU @ 2.60GHz, 12 cores, 15G,  Windows 11 , 64 bit Build 22000 (10.0.22000.675)
Time: Thu Jun  9 22:38:44 2022 SE Asia Standard Time elapsed time: 38.284335 seconds (0d 0h 0m 38s)

---------------  T H R E A D  ---------------

Current thread (0x0000017dc0dc1fa0):  JavaThread "Direct Clip" daemon [_thread_in_vm, id=16932, stack(0x0000005196c00000,0x0000005196d00000)]

Stack: [0x0000005196c00000,0x0000005196d00000]
Native frames: (J=compiled Java code, j=interpreted, Vv=VM code, C=native code)
V  [jvm.dll+0x69887a]
V  [jvm.dll+0x7f38bd]
V  [jvm.dll+0x7f51ce]
V  [jvm.dll+0x7f5883]
V  [jvm.dll+0x25ca3f]
V  [jvm.dll+0xb31af]
V  [jvm.dll+0x406aaa]
C  0x00007ffaadf91526

Java frames: (J=compiled Java code, j=interpreted, Vv=VM code)
j  com.sun.media.sound.DirectAudioDevice.nWrite(J[BIIIFF)I+0 java.desktop@18.0.1.1
j  com.sun.media.sound.DirectAudioDevice$DirectDL.write([BII)I+180 java.desktop@18.0.1.1
j  com.sun.media.sound.DirectAudioDevice$DirectClip.run()V+189 java.desktop@18.0.1.1
j  java.lang.Thread.run()V+11 java.base@18.0.1.1
v  ~StubRoutines::call_stub

---------------  P R O C E S S  ---------------

Threads class SMR info:
_java_thread_list=0x0000017dc04b5ec0, length=26, elements={
0x0000017d96c89b40, 0x0000017dbb6831a0, 0x0000017dbb683e00, 0x0000017dbb69dbf0,
0x0000017dbb69f5a0, 0x0000017dbb69ff40, 0x0000017dbb6a08e0, 0x0000017dbb6a35c0,
0x0000017dbb6b03d0, 0x0000017dbb6b4cf0, 0x0000017dc0071400, 0x0000017dc062a270,
0x0000017dc06274f0, 0x0000017dc0b35040, 0x0000017dc09ef220, 0x0000017dc0951de0,
0x0000017dc0d14010, 0x0000017dc089ab60, 0x0000017dc0dbfdf0, 0x0000017dc0dbf920,
0x0000017dc0dc32e0, 0x0000017dc0dc1ad0, 0x0000017dc0dc02c0, 0x0000017dc0dc1fa0,
0x0000017dc147eb10, 0x0000017dc1480e80
}

Java Threads: ( => current thread )
  0x0000017d96c89b40 JavaThread "main" [_thread_blocked, id=19008, stack(0x0000005193700000,0x0000005193800000)]
  0x0000017dbb6831a0 JavaThread "Reference Handler" daemon [_thread_blocked, id=9240, stack(0x0000005193e00000,0x0000005193f00000)]
  0x0000017dbb683e00 JavaThread "Finalizer" daemon [_thread_blocked, id=15220, stack(0x0000005193f00000,0x0000005194000000)]
  0x0000017dbb69dbf0 JavaThread "Signal Dispatcher" daemon [_thread_blocked, id=14500, stack(0x0000005194000000,0x0000005194100000)]
  0x0000017dbb69f5a0 JavaThread "Attach Listener" daemon [_thread_blocked, id=22696, stack(0x0000005194100000,0x0000005194200000)]
  0x0000017dbb69ff40 JavaThread "Service Thread" daemon [_thread_blocked, id=21164, stack(0x0000005194200000,0x0000005194300000)]
  0x0000017dbb6a08e0 JavaThread "Monitor Deflation Thread" daemon [_thread_blocked, id=11848, stack(0x0000005194300000,0x0000005194400000)]
  0x0000017dbb6a35c0 JavaThread "C2 CompilerThread0" daemon [_thread_blocked, id=15552, stack(0x0000005194400000,0x0000005194500000)]
  0x0000017dbb6b03d0 JavaThread "C1 CompilerThread0" daemon [_thread_blocked, id=17984, stack(0x0000005194500000,0x0000005194600000)]
  0x0000017dbb6b4cf0 JavaThread "Sweeper thread" daemon [_thread_blocked, id=18476, stack(0x0000005194600000,0x0000005194700000)]
  0x0000017dc0071400 JavaThread "Common-Cleaner" daemon [_thread_blocked, id=20272, stack(0x0000005194700000,0x0000005194800000)]
  0x0000017dc062a270 JavaThread "Monitor Ctrl-Break" daemon [_thread_in_native, id=13360, stack(0x0000005194800000,0x0000005194900000)]
  0x0000017dc06274f0 JavaThread "Notification Thread" daemon [_thread_blocked, id=14356, stack(0x0000005194900000,0x0000005194a00000)]
  0x0000017dc0b35040 JavaThread "QuantumRenderer-0" daemon [_thread_in_native, id=20516, stack(0x0000005194b00000,0x0000005194c00000)]
  0x0000017dc09ef220 JavaThread "InvokeLaterDispatcher" daemon [_thread_blocked, id=19852, stack(0x0000005194d00000,0x0000005194e00000)]
  0x0000017dc0951de0 JavaThread "JavaFX Application Thread" [_thread_in_native, id=21684, stack(0x0000005194e00000,0x0000005194f00000)]
  0x0000017dc0d14010 JavaThread "JavaFX-Launcher" [_thread_blocked, id=11412, stack(0x0000005195200000,0x0000005195300000)]
  0x0000017dc089ab60 JavaThread "Thread-2" daemon [_thread_in_native, id=15680, stack(0x0000005195100000,0x0000005195200000)]
  0x0000017dc0dbfdf0 JavaThread "Prism Font Disposer" daemon [_thread_blocked, id=8096, stack(0x0000005195a00000,0x0000005195b00000)]
  0x0000017dc0dbf920 JavaThread "Java2D Disposer" daemon [_thread_blocked, id=7720, stack(0x0000005195f00000,0x0000005196000000)]
  0x0000017dc0dc32e0 JavaThread "AWT-Shutdown" [_thread_blocked, id=19784, stack(0x0000005196600000,0x0000005196700000)]
  0x0000017dc0dc1ad0 JavaThread "AWT-Windows" daemon [_thread_in_native, id=2056, stack(0x0000005196700000,0x0000005196800000)]
  0x0000017dc0dc02c0 JavaThread "Java Sound Event Dispatcher" daemon [_thread_blocked, id=3328, stack(0x0000005196500000,0x0000005196600000)]
=>0x0000017dc0dc1fa0 JavaThread "Direct Clip" daemon [_thread_in_vm, id=16932, stack(0x0000005196c00000,0x0000005196d00000)]
  0x0000017dc147eb10 JavaThread "C2 CompilerThread1" daemon [_thread_blocked, id=14924, stack(0x0000005196d00000,0x0000005196e00000)]
  0x0000017dc1480e80 JavaThread "C2 CompilerThread2" daemon [_thread_blocked, id=21548, stack(0x0000005196e00000,0x0000005196f00000)]

Other Threads:
  0x0000017dbb67da00 VMThread "VM Thread" [stack: 0x0000005193d00000,0x0000005193e00000] [id=22564]
  0x0000017dc02663a0 WatcherThread "VM Periodic Task Thread" [stack: 0x0000005194a00000,0x0000005194b00000] [id=16548]
  0x0000017d96cf6620 WorkerThread "GC Thread#0" [stack: 0x0000005193800000,0x0000005193900000] [id=15208]
  0x0000017dc0c68e10 WorkerThread "GC Thread#1" [stack: 0x0000005195300000,0x0000005195400000] [id=1844]
  0x0000017dc0c690b0 WorkerThread "GC Thread#2" [stack: 0x0000005195400000,0x0000005195500000] [id=8388]
  0x0000017dc0c69890 WorkerThread "GC Thread#3" [stack: 0x0000005195500000,0x0000005195600000] [id=14964]
  0x0000017dc0d44bf0 WorkerThread "GC Thread#4" [stack: 0x0000005195600000,0x0000005195700000] [id=15120]
  0x0000017dc0d44e90 WorkerThread "GC Thread#5" [stack: 0x0000005195700000,0x0000005195800000] [id=22388]
  0x0000017dc0d44410 WorkerThread "GC Thread#6" [stack: 0x0000005195800000,0x0000005195900000] [id=15268]
  0x0000017dc0d45910 WorkerThread "GC Thread#7" [stack: 0x0000005195900000,0x0000005195a00000] [id=12584]
  0x0000017d96d070a0 ConcurrentGCThread "G1 Main Marker" [stack: 0x0000005193900000,0x0000005193a00000] [id=17432]
  0x0000017d96d08130 WorkerThread "G1 Conc#0" [stack: 0x0000005193a00000,0x0000005193b00000] [id=12628]
  0x0000017d96d40600 ConcurrentGCThread "G1 Refine#0" [stack: 0x0000005193b00000,0x0000005193c00000] [id=16140]
  0x0000017d96d40f10 ConcurrentGCThread "G1 Service" [stack: 0x0000005193c00000,0x0000005193d00000] [id=16272]

Threads with active compile tasks:

VM state: not at safepoint (normal execution)

VM Mutex/Monitor currently owned by a thread: None

Heap address: 0x0000000703a00000, size: 4038 MB, Compressed Oops mode: Zero based, Oop shift amount: 3

CDS archive(s) mapped at: [0x0000000800000000-0x0000000800b90000-0x0000000800b90000), size 12124160, SharedBaseAddress: 0x0000000800000000, ArchiveRelocationMode: 0.
Compressed class space mapped at: 0x0000000800c00000-0x0000000840c00000, reserved size: 1073741824
Narrow klass base: 0x0000000800000000, Narrow klass shift: 0, Narrow klass range: 0x100000000

GC Precious Log:
 CardTable entry size: 512
 Card Set container configuration: InlinePtr #cards 4 size 8 Array Of Cards #cards 16 size 48 Howl #buckets 8 coarsen threshold 3686 Howl Bitmap #cards 512 size 80 coarsen threshold 460 Card regions per heap region 1 cards per card region 4096
 CPUs: 12 total, 12 available
 Memory: 16145M
 Large Page Support: Disabled
 NUMA Support: Disabled
 Compressed Oops: Enabled (Zero based)
 Heap Region Size: 2M
 Heap Min Capacity: 8M
 Heap Initial Capacity: 254M
 Heap Max Capacity: 4038M
 Pre-touch: Disabled
 Parallel Workers: 10
 Concurrent Workers: 3
 Concurrent Refinement Workers: 10
 Periodic GC: Disabled

Heap:
 garbage-first heap   total 260096K, used 63474K [0x0000000703a00000, 0x0000000800000000)
  region size 2048K, 17 young (34816K), 2 survivors (4096K)
 Metaspace       used 15686K, committed 15936K, reserved 1114112K
  class space    used 1886K, committed 1984K, reserved 1048576K

Heap Regions: E=young(eden), S=young(survivor), O=old, HS=humongous(starts), HC=humongous(continues), CS=collection set, F=free, OA=open archive, CA=closed archive, TAMS=top-at-mark-start (previous, next)
|   0|0x0000000703a00000, 0x0000000703c00000, 0x0000000703c00000|100%|HS|  |TAMS 0x0000000703a00000, 0x0000000703a00000| Complete 
|   1|0x0000000703c00000, 0x0000000703e00000, 0x0000000703e00000|100%|HC|  |TAMS 0x0000000703c00000, 0x0000000703c00000| Complete 
|   2|0x0000000703e00000, 0x0000000704000000, 0x0000000704000000|100%|HC|  |TAMS 0x0000000703e00000, 0x0000000703e00000| Complete 
|   3|0x0000000704000000, 0x0000000704200000, 0x0000000704200000|100%|HS|  |TAMS 0x0000000704000000, 0x0000000704000000| Complete 
|   4|0x0000000704200000, 0x0000000704400000, 0x0000000704400000|100%|HS|  |TAMS 0x0000000704200000, 0x0000000704200000| Complete 
|   5|0x0000000704400000, 0x0000000704600000, 0x0000000704600000|100%|HS|  |TAMS 0x0000000704400000, 0x0000000704400000| Complete 
|   6|0x0000000704600000, 0x0000000704800000, 0x0000000704800000|100%|HC|  |TAMS 0x0000000704600000, 0x0000000704600000| Complete 
|   7|0x0000000704800000, 0x0000000704a00000, 0x0000000704a00000|100%|HC|  |TAMS 0x0000000704800000, 0x0000000704800000| Complete 
|   8|0x0000000704a00000, 0x0000000704c00000, 0x0000000704c00000|100%|HC|  |TAMS 0x0000000704a00000, 0x0000000704a00000| Complete 
|   9|0x0000000704c00000, 0x0000000704e00000, 0x0000000704e00000|100%|HC|  |TAMS 0x0000000704c00000, 0x0000000704c00000| Complete 
|  10|0x0000000704e00000, 0x0000000705000000, 0x0000000705000000|100%|HC|  |TAMS 0x0000000704e00000, 0x0000000704e00000| Complete 
|  11|0x0000000705000000, 0x0000000705200000, 0x0000000705200000|100%|HC|  |TAMS 0x0000000705000000, 0x0000000705000000| Complete 
|  12|0x0000000705200000, 0x0000000705400000, 0x0000000705400000|100%|HC|  |TAMS 0x0000000705200000, 0x0000000705200000| Complete 
|  13|0x0000000705400000, 0x0000000705600000, 0x0000000705600000|100%|HC|  |TAMS 0x0000000705400000, 0x0000000705400000| Complete 
|  14|0x0000000705600000, 0x0000000705800000, 0x0000000705800000|100%|HC|  |TAMS 0x0000000705600000, 0x0000000705600000| Complete 
|  15|0x0000000705800000, 0x0000000705800000, 0x0000000705a00000|  0%| F|  |TAMS 0x0000000705800000, 0x0000000705800000| Untracked 
|  16|0x0000000705a00000, 0x0000000705a00000, 0x0000000705c00000|  0%| F|  |TAMS 0x0000000705a00000, 0x0000000705a00000| Untracked 
|  17|0x0000000705c00000, 0x0000000705c00000, 0x0000000705e00000|  0%| F|  |TAMS 0x0000000705c00000, 0x0000000705c00000| Untracked 
|  18|0x0000000705e00000, 0x0000000705e00000, 0x0000000706000000|  0%| F|  |TAMS 0x0000000705e00000, 0x0000000705e00000| Untracked 
|  19|0x0000000706000000, 0x0000000706000000, 0x0000000706200000|  0%| F|  |TAMS 0x0000000706000000, 0x0000000706000000| Untracked 
|  20|0x0000000706200000, 0x0000000706200000, 0x0000000706400000|  0%| F|  |TAMS 0x0000000706200000, 0x0000000706200000| Untracked 
|  21|0x0000000706400000, 0x0000000706400000, 0x0000000706600000|  0%| F|  |TAMS 0x0000000706400000, 0x0000000706400000| Untracked 
|  22|0x0000000706600000, 0x0000000706600000, 0x0000000706800000|  0%| F|  |TAMS 0x0000000706600000, 0x0000000706600000| Untracked 
|  23|0x0000000706800000, 0x0000000706800000, 0x0000000706a00000|  0%| F|  |TAMS 0x0000000706800000, 0x0000000706800000| Untracked 
|  24|0x0000000706a00000, 0x0000000706a00000, 0x0000000706c00000|  0%| F|  |TAMS 0x0000000706a00000, 0x0000000706a00000| Untracked 
|  25|0x0000000706c00000, 0x0000000706c00000, 0x0000000706e00000|  0%| F|  |TAMS 0x0000000706c00000, 0x0000000706c00000| Untracked 
|  26|0x0000000706e00000, 0x0000000706e00000, 0x0000000707000000|  0%| F|  |TAMS 0x0000000706e00000, 0x0000000706e00000| Untracked 
|  27|0x0000000707000000, 0x0000000707000000, 0x0000000707200000|  0%| F|  |TAMS 0x0000000707000000, 0x0000000707000000| Untracked 
|  28|0x0000000707200000, 0x0000000707200000, 0x0000000707400000|  0%| F|  |TAMS 0x0000000707200000, 0x0000000707200000| Untracked 
|  29|0x0000000707400000, 0x0000000707400000, 0x0000000707600000|  0%| F|  |TAMS 0x0000000707400000, 0x0000000707400000| Untracked 
|  30|0x0000000707600000, 0x0000000707600000, 0x0000000707800000|  0%| F|  |TAMS 0x0000000707600000, 0x0000000707600000| Untracked 
|  31|0x0000000707800000, 0x0000000707800000, 0x0000000707a00000|  0%| F|  |TAMS 0x0000000707800000, 0x0000000707800000| Untracked 
|  32|0x0000000707a00000, 0x0000000707a00000, 0x0000000707c00000|  0%| F|  |TAMS 0x0000000707a00000, 0x0000000707a00000| Untracked 
|  33|0x0000000707c00000, 0x0000000707c00000, 0x0000000707e00000|  0%| F|  |TAMS 0x0000000707c00000, 0x0000000707c00000| Untracked 
|  34|0x0000000707e00000, 0x0000000707e00000, 0x0000000708000000|  0%| F|  |TAMS 0x0000000707e00000, 0x0000000707e00000| Untracked 
|  35|0x0000000708000000, 0x0000000708000000, 0x0000000708200000|  0%| F|  |TAMS 0x0000000708000000, 0x0000000708000000| Untracked 
|  36|0x0000000708200000, 0x0000000708200000, 0x0000000708400000|  0%| F|  |TAMS 0x0000000708200000, 0x0000000708200000| Untracked 
|  37|0x0000000708400000, 0x0000000708400000, 0x0000000708600000|  0%| F|  |TAMS 0x0000000708400000, 0x0000000708400000| Untracked 
|  38|0x0000000708600000, 0x0000000708600000, 0x0000000708800000|  0%| F|  |TAMS 0x0000000708600000, 0x0000000708600000| Untracked 
|  39|0x0000000708800000, 0x0000000708800000, 0x0000000708a00000|  0%| F|  |TAMS 0x0000000708800000, 0x0000000708800000| Untracked 
|  40|0x0000000708a00000, 0x0000000708a00000, 0x0000000708c00000|  0%| F|  |TAMS 0x0000000708a00000, 0x0000000708a00000| Untracked 
|  41|0x0000000708c00000, 0x0000000708c00000, 0x0000000708e00000|  0%| F|  |TAMS 0x0000000708c00000, 0x0000000708c00000| Untracked 
|  42|0x0000000708e00000, 0x0000000708e00000, 0x0000000709000000|  0%| F|  |TAMS 0x0000000708e00000, 0x0000000708e00000| Untracked 
|  43|0x0000000709000000, 0x0000000709000000, 0x0000000709200000|  0%| F|  |TAMS 0x0000000709000000, 0x0000000709000000| Untracked 
|  44|0x0000000709200000, 0x0000000709200000, 0x0000000709400000|  0%| F|  |TAMS 0x0000000709200000, 0x0000000709200000| Untracked 
|  45|0x0000000709400000, 0x0000000709400000, 0x0000000709600000|  0%| F|  |TAMS 0x0000000709400000, 0x0000000709400000| Untracked 
|  46|0x0000000709600000, 0x0000000709600000, 0x0000000709800000|  0%| F|  |TAMS 0x0000000709600000, 0x0000000709600000| Untracked 
|  47|0x0000000709800000, 0x0000000709800000, 0x0000000709a00000|  0%| F|  |TAMS 0x0000000709800000, 0x0000000709800000| Untracked 
|  48|0x0000000709a00000, 0x0000000709a00000, 0x0000000709c00000|  0%| F|  |TAMS 0x0000000709a00000, 0x0000000709a00000| Untracked 
|  49|0x0000000709c00000, 0x0000000709c00000, 0x0000000709e00000|  0%| F|  |TAMS 0x0000000709c00000, 0x0000000709c00000| Untracked 
|  50|0x0000000709e00000, 0x0000000709e00000, 0x000000070a000000|  0%| F|  |TAMS 0x0000000709e00000, 0x0000000709e00000| Untracked 
|  51|0x000000070a000000, 0x000000070a000000, 0x000000070a200000|  0%| F|  |TAMS 0x000000070a000000, 0x000000070a000000| Untracked 
|  52|0x000000070a200000, 0x000000070a200000, 0x000000070a400000|  0%| F|  |TAMS 0x000000070a200000, 0x000000070a200000| Untracked 
|  53|0x000000070a400000, 0x000000070a400000, 0x000000070a600000|  0%| F|  |TAMS 0x000000070a400000, 0x000000070a400000| Untracked 
|  54|0x000000070a600000, 0x000000070a600000, 0x000000070a800000|  0%| F|  |TAMS 0x000000070a600000, 0x000000070a600000| Untracked 
|  55|0x000000070a800000, 0x000000070a800000, 0x000000070aa00000|  0%| F|  |TAMS 0x000000070a800000, 0x000000070a800000| Untracked 
|  56|0x000000070aa00000, 0x000000070aa00000, 0x000000070ac00000|  0%| F|  |TAMS 0x000000070aa00000, 0x000000070aa00000| Untracked 
|  57|0x000000070ac00000, 0x000000070ac00000, 0x000000070ae00000|  0%| F|  |TAMS 0x000000070ac00000, 0x000000070ac00000| Untracked 
|  58|0x000000070ae00000, 0x000000070ae00000, 0x000000070b000000|  0%| F|  |TAMS 0x000000070ae00000, 0x000000070ae00000| Untracked 
|  59|0x000000070b000000, 0x000000070b000000, 0x000000070b200000|  0%| F|  |TAMS 0x000000070b000000, 0x000000070b000000| Untracked 
|  60|0x000000070b200000, 0x000000070b200000, 0x000000070b400000|  0%| F|  |TAMS 0x000000070b200000, 0x000000070b200000| Untracked 
|  61|0x000000070b400000, 0x000000070b400000, 0x000000070b600000|  0%| F|  |TAMS 0x000000070b400000, 0x000000070b400000| Untracked 
|  62|0x000000070b600000, 0x000000070b600000, 0x000000070b800000|  0%| F|  |TAMS 0x000000070b600000, 0x000000070b600000| Untracked 
|  63|0x000000070b800000, 0x000000070b800000, 0x000000070ba00000|  0%| F|  |TAMS 0x000000070b800000, 0x000000070b800000| Untracked 
|  64|0x000000070ba00000, 0x000000070ba00000, 0x000000070bc00000|  0%| F|  |TAMS 0x000000070ba00000, 0x000000070ba00000| Untracked 
|  65|0x000000070bc00000, 0x000000070bc00000, 0x000000070be00000|  0%| F|  |TAMS 0x000000070bc00000, 0x000000070bc00000| Untracked 
|  66|0x000000070be00000, 0x000000070be00000, 0x000000070c000000|  0%| F|  |TAMS 0x000000070be00000, 0x000000070be00000| Untracked 
|  67|0x000000070c000000, 0x000000070c000000, 0x000000070c200000|  0%| F|  |TAMS 0x000000070c000000, 0x000000070c000000| Untracked 
|  68|0x000000070c200000, 0x000000070c200000, 0x000000070c400000|  0%| F|  |TAMS 0x000000070c200000, 0x000000070c200000| Untracked 
|  69|0x000000070c400000, 0x000000070c400000, 0x000000070c600000|  0%| F|  |TAMS 0x000000070c400000, 0x000000070c400000| Untracked 
|  70|0x000000070c600000, 0x000000070c600000, 0x000000070c800000|  0%| F|  |TAMS 0x000000070c600000, 0x000000070c600000| Untracked 
|  71|0x000000070c800000, 0x000000070c800000, 0x000000070ca00000|  0%| F|  |TAMS 0x000000070c800000, 0x000000070c800000| Untracked 
|  72|0x000000070ca00000, 0x000000070ca00000, 0x000000070cc00000|  0%| F|  |TAMS 0x000000070ca00000, 0x000000070ca00000| Untracked 
|  73|0x000000070cc00000, 0x000000070cc00000, 0x000000070ce00000|  0%| F|  |TAMS 0x000000070cc00000, 0x000000070cc00000| Untracked 
|  74|0x000000070ce00000, 0x000000070ce00000, 0x000000070d000000|  0%| F|  |TAMS 0x000000070ce00000, 0x000000070ce00000| Untracked 
|  75|0x000000070d000000, 0x000000070d000000, 0x000000070d200000|  0%| F|  |TAMS 0x000000070d000000, 0x000000070d000000| Untracked 
|  76|0x000000070d200000, 0x000000070d200000, 0x000000070d400000|  0%| F|  |TAMS 0x000000070d200000, 0x000000070d200000| Untracked 
|  77|0x000000070d400000, 0x000000070d400000, 0x000000070d600000|  0%| F|  |TAMS 0x000000070d400000, 0x000000070d400000| Untracked 
|  78|0x000000070d600000, 0x000000070d600000, 0x000000070d800000|  0%| F|  |TAMS 0x000000070d600000, 0x000000070d600000| Untracked 
|  79|0x000000070d800000, 0x000000070d800000, 0x000000070da00000|  0%| F|  |TAMS 0x000000070d800000, 0x000000070d800000| Untracked 
|  80|0x000000070da00000, 0x000000070da00000, 0x000000070dc00000|  0%| F|  |TAMS 0x000000070da00000, 0x000000070da00000| Untracked 
|  81|0x000000070dc00000, 0x000000070dc00000, 0x000000070de00000|  0%| F|  |TAMS 0x000000070dc00000, 0x000000070dc00000| Untracked 
|  82|0x000000070de00000, 0x000000070de00000, 0x000000070e000000|  0%| F|  |TAMS 0x000000070de00000, 0x000000070de00000| Untracked 
|  83|0x000000070e000000, 0x000000070e000000, 0x000000070e200000|  0%| F|  |TAMS 0x000000070e000000, 0x000000070e000000| Untracked 
|  84|0x000000070e200000, 0x000000070e200000, 0x000000070e400000|  0%| F|  |TAMS 0x000000070e200000, 0x000000070e200000| Untracked 
|  85|0x000000070e400000, 0x000000070e400000, 0x000000070e600000|  0%| F|  |TAMS 0x000000070e400000, 0x000000070e400000| Untracked 
|  86|0x000000070e600000, 0x000000070e600000, 0x000000070e800000|  0%| F|  |TAMS 0x000000070e600000, 0x000000070e600000| Untracked 
|  87|0x000000070e800000, 0x000000070e800000, 0x000000070ea00000|  0%| F|  |TAMS 0x000000070e800000, 0x000000070e800000| Untracked 
|  88|0x000000070ea00000, 0x000000070ea00000, 0x000000070ec00000|  0%| F|  |TAMS 0x000000070ea00000, 0x000000070ea00000| Untracked 
|  89|0x000000070ec00000, 0x000000070ec00000, 0x000000070ee00000|  0%| F|  |TAMS 0x000000070ec00000, 0x000000070ec00000| Untracked 
|  90|0x000000070ee00000, 0x000000070ee00000, 0x000000070f000000|  0%| F|  |TAMS 0x000000070ee00000, 0x000000070ee00000| Untracked 
|  91|0x000000070f000000, 0x000000070f000000, 0x000000070f200000|  0%| F|  |TAMS 0x000000070f000000, 0x000000070f000000| Untracked 
|  92|0x000000070f200000, 0x000000070f200000, 0x000000070f400000|  0%| F|  |TAMS 0x000000070f200000, 0x000000070f200000| Untracked 
|  93|0x000000070f400000, 0x000000070f400000, 0x000000070f600000|  0%| F|  |TAMS 0x000000070f400000, 0x000000070f400000| Untracked 
|  94|0x000000070f600000, 0x000000070f600000, 0x000000070f800000|  0%| F|  |TAMS 0x000000070f600000, 0x000000070f600000| Untracked 
|  95|0x000000070f800000, 0x000000070f800000, 0x000000070fa00000|  0%| F|  |TAMS 0x000000070f800000, 0x000000070f800000| Untracked 
|  96|0x000000070fa00000, 0x000000070fa00000, 0x000000070fc00000|  0%| F|  |TAMS 0x000000070fa00000, 0x000000070fa00000| Untracked 
|  97|0x000000070fc00000, 0x000000070fc00000, 0x000000070fe00000|  0%| F|  |TAMS 0x000000070fc00000, 0x000000070fc00000| Untracked 
|  98|0x000000070fe00000, 0x000000070fe00000, 0x0000000710000000|  0%| F|  |TAMS 0x000000070fe00000, 0x000000070fe00000| Untracked 
|  99|0x0000000710000000, 0x0000000710000000, 0x0000000710200000|  0%| F|  |TAMS 0x0000000710000000, 0x0000000710000000| Untracked 
| 100|0x0000000710200000, 0x0000000710200000, 0x0000000710400000|  0%| F|  |TAMS 0x0000000710200000, 0x0000000710200000| Untracked 
| 101|0x0000000710400000, 0x0000000710400000, 0x0000000710600000|  0%| F|  |TAMS 0x0000000710400000, 0x0000000710400000| Untracked 
| 102|0x0000000710600000, 0x0000000710600000, 0x0000000710800000|  0%| F|  |TAMS 0x0000000710600000, 0x0000000710600000| Untracked 
| 103|0x0000000710800000, 0x0000000710800000, 0x0000000710a00000|  0%| F|  |TAMS 0x0000000710800000, 0x0000000710800000| Untracked 
| 104|0x0000000710a00000, 0x0000000710a00000, 0x0000000710c00000|  0%| F|  |TAMS 0x0000000710a00000, 0x0000000710a00000| Untracked 
| 105|0x0000000710c00000, 0x0000000710c00000, 0x0000000710e00000|  0%| F|  |TAMS 0x0000000710c00000, 0x0000000710c00000| Untracked 
| 106|0x0000000710e00000, 0x0000000710e00000, 0x0000000711000000|  0%| F|  |TAMS 0x0000000710e00000, 0x0000000710e00000| Untracked 
| 107|0x0000000711000000, 0x0000000711000000, 0x0000000711200000|  0%| F|  |TAMS 0x0000000711000000, 0x0000000711000000| Untracked 
| 108|0x0000000711200000, 0x0000000711200000, 0x0000000711400000|  0%| F|  |TAMS 0x0000000711200000, 0x0000000711200000| Untracked 
| 109|0x0000000711400000, 0x0000000711400000, 0x0000000711600000|  0%| F|  |TAMS 0x0000000711400000, 0x0000000711400000| Untracked 
| 110|0x0000000711600000, 0x000000071171b418, 0x0000000711800000| 55%| E|  |TAMS 0x0000000711600000, 0x0000000711600000| Complete 
| 111|0x0000000711800000, 0x0000000711a00000, 0x0000000711a00000|100%| E|CS|TAMS 0x0000000711800000, 0x0000000711800000| Complete 
| 112|0x0000000711a00000, 0x0000000711c00000, 0x0000000711c00000|100%| E|CS|TAMS 0x0000000711a00000, 0x0000000711a00000| Complete 
| 113|0x0000000711c00000, 0x0000000711e00000, 0x0000000711e00000|100%| E|CS|TAMS 0x0000000711c00000, 0x0000000711c00000| Complete 
| 114|0x0000000711e00000, 0x0000000711ffc8e0, 0x0000000712000000| 99%| S|CS|TAMS 0x0000000711e00000, 0x0000000711e00000| Complete 
| 115|0x0000000712000000, 0x0000000712200000, 0x0000000712200000|100%| S|CS|TAMS 0x0000000712000000, 0x0000000712000000| Complete 
| 116|0x0000000712200000, 0x0000000712400000, 0x0000000712400000|100%| E|CS|TAMS 0x0000000712200000, 0x0000000712200000| Complete 
| 117|0x0000000712400000, 0x0000000712600000, 0x0000000712600000|100%| E|CS|TAMS 0x0000000712400000, 0x0000000712400000| Complete 
| 118|0x0000000712600000, 0x0000000712800000, 0x0000000712800000|100%| E|CS|TAMS 0x0000000712600000, 0x0000000712600000| Complete 
| 119|0x0000000712800000, 0x0000000712a00000, 0x0000000712a00000|100%| E|CS|TAMS 0x0000000712800000, 0x0000000712800000| Complete 
| 120|0x0000000712a00000, 0x0000000712c00000, 0x0000000712c00000|100%| E|CS|TAMS 0x0000000712a00000, 0x0000000712a00000| Complete 
| 121|0x0000000712c00000, 0x0000000712e00000, 0x0000000712e00000|100%| E|CS|TAMS 0x0000000712c00000, 0x0000000712c00000| Complete 
| 122|0x0000000712e00000, 0x0000000713000000, 0x0000000713000000|100%| E|CS|TAMS 0x0000000712e00000, 0x0000000712e00000| Complete 
| 123|0x0000000713000000, 0x0000000713200000, 0x0000000713200000|100%| E|CS|TAMS 0x0000000713000000, 0x0000000713000000| Complete 
| 124|0x0000000713200000, 0x0000000713400000, 0x0000000713400000|100%| E|CS|TAMS 0x0000000713200000, 0x0000000713200000| Complete 
| 125|0x0000000713400000, 0x0000000713600000, 0x0000000713600000|100%| E|CS|TAMS 0x0000000713400000, 0x0000000713400000| Complete 
| 126|0x0000000713600000, 0x0000000713800000, 0x0000000713800000|100%| E|CS|TAMS 0x0000000713600000, 0x0000000713600000| Complete 

Card table byte_map: [0x0000017db0210000,0x0000017db0a00000] _byte_map_base: 0x0000017dac9f3000

Marking Bits (Prev, Next): (CMBitMap*) 0x0000017d96cf6b20, (CMBitMap*) 0x0000017d96cf6b60
 Prev Bits: [0x0000017db11f0000, 0x0000017db5108000)
 Next Bits: [0x0000017db5110000, 0x0000017db9028000)

Polling page: 0x0000017d96d50000

Metaspace:

Usage:
  Non-class:     13.48 MB used.
      Class:      1.84 MB used.
       Both:     15.32 MB used.

Virtual space:
  Non-class space:       64.00 MB reserved,      13.62 MB ( 21%) committed,  1 nodes.
      Class space:        1.00 GB reserved,       1.94 MB ( <1%) committed,  1 nodes.
             Both:        1.06 GB reserved,      15.56 MB (  1%) committed. 

Chunk freelists:
   Non-Class:  2.23 MB
       Class:  2.02 MB
        Both:  4.25 MB

MaxMetaspaceSize: unlimited
CompressedClassSpaceSize: 1.00 GB
Initial GC threshold: 21.00 MB
Current GC threshold: 21.00 MB
CDS: on
MetaspaceReclaimPolicy: balanced
 - commit_granule_bytes: 65536.
 - commit_granule_words: 8192.
 - virtual_space_node_default_size: 8388608.
 - enlarge_chunks_in_place: 1.
 - new_chunks_are_fully_committed: 0.
 - uncommit_free_chunks: 1.
 - use_allocation_guard: 0.


Internal statistics:

num_allocs_failed_limit: 0.
num_arena_births: 228.
num_arena_deaths: 0.
num_vsnodes_births: 2.
num_vsnodes_deaths: 0.
num_space_committed: 249.
num_space_uncommitted: 0.
num_chunks_returned_to_freelist: 0.
num_chunks_taken_from_freelist: 601.
num_chunk_merges: 0.
num_chunk_splits: 413.
num_chunks_enlarged: 320.
num_inconsistent_stats: 0.

CodeHeap 'non-profiled nmethods': size=120000Kb used=1018Kb max_used=1018Kb free=118981Kb
 bounds [0x0000017da7860000, 0x0000017da7ad0000, 0x0000017daed90000]
CodeHeap 'profiled nmethods': size=120000Kb used=4190Kb max_used=4190Kb free=115809Kb
 bounds [0x0000017da0330000, 0x0000017da0750000, 0x0000017da7860000]
CodeHeap 'non-nmethods': size=5760Kb used=1481Kb max_used=1522Kb free=4279Kb
 bounds [0x0000017d9fd90000, 0x0000017da0000000, 0x0000017da0330000]
 total_blobs=3175 nmethods=2333 adapters=754
 compilation: enabled
              stopped_count=0, restarted_count=0
 full_count=0

Compilation events (20 events):
Event: 38.267 Thread 0x0000017dbb6b03d0 2318       1       javafx.geometry.Insets::getTop (5 bytes)
Event: 38.267 Thread 0x0000017dbb6b03d0 nmethod 2318 0x0000017da795c310 code [0x0000017da795c4a0, 0x0000017da795c578]
Event: 38.267 Thread 0x0000017dbb6b03d0 2319       1       javafx.geometry.Insets::getLeft (5 bytes)
Event: 38.267 Thread 0x0000017dbb6b03d0 nmethod 2319 0x0000017da795c610 code [0x0000017da795c7a0, 0x0000017da795c878]
Event: 38.267 Thread 0x0000017dbb6b03d0 2320       1       javafx.geometry.Insets::getBottom (5 bytes)
Event: 38.267 Thread 0x0000017dbb6b03d0 nmethod 2320 0x0000017da795c910 code [0x0000017da795caa0, 0x0000017da795cb78]
Event: 38.267 Thread 0x0000017dbb6b03d0 2321       1       javafx.geometry.Insets::getRight (5 bytes)
Event: 38.267 Thread 0x0000017dbb6b03d0 nmethod 2321 0x0000017da795cc10 code [0x0000017da795cda0, 0x0000017da795ce78]
Event: 38.274 Thread 0x0000017dbb6b03d0 2322       1       com.sun.javafx.sg.prism.NGNode::isDepthTest (5 bytes)
Event: 38.274 Thread 0x0000017dbb6b03d0 nmethod 2322 0x0000017da795cf10 code [0x0000017da795d0a0, 0x0000017da795d178]
Event: 38.274 Thread 0x0000017dbb6b03d0 2323       1       com.sun.javafx.sg.prism.NGNode::getCacheFilter (5 bytes)
Event: 38.274 Thread 0x0000017dbb6b03d0 nmethod 2323 0x0000017da795d210 code [0x0000017da795d3a0, 0x0000017da795d478]
Event: 38.274 Thread 0x0000017dbb6b03d0 2324       1       com.sun.javafx.sg.prism.NGNode::getEffectFilter (5 bytes)
Event: 38.274 Thread 0x0000017dbb6b03d0 nmethod 2324 0x0000017da795d510 code [0x0000017da795d6a0, 0x0000017da795d778]
Event: 38.274 Thread 0x0000017dbb6b03d0 2325       1       com.sun.javafx.UnmodifiableArrayList::size (5 bytes)
Event: 38.274 Thread 0x0000017dbb6b03d0 nmethod 2325 0x0000017da795d810 code [0x0000017da795d9a0, 0x0000017da795da78]
Event: 38.282 Thread 0x0000017dbb6b03d0 2326       1       com.sun.javafx.geom.transform.BaseTransform::getMxt (2 bytes)
Event: 38.282 Thread 0x0000017dbb6b03d0 nmethod 2326 0x0000017da795db10 code [0x0000017da795dca0, 0x0000017da795dd78]
Event: 38.282 Thread 0x0000017dbb6b03d0 2327       1       com.sun.javafx.geom.transform.BaseTransform::getMyt (2 bytes)
Event: 38.282 Thread 0x0000017dbb6b03d0 nmethod 2327 0x0000017da795de10 code [0x0000017da795dfa0, 0x0000017da795e078]

GC Heap History (2 events):
Event: 1.574 GC heap before
{Heap before GC invocations=0 (full 0):
 garbage-first heap   total 260096K, used 22528K [0x0000000703a00000, 0x0000000800000000)
  region size 2048K, 11 young (22528K), 0 survivors (0K)
 Metaspace       used 4733K, committed 4928K, reserved 1114112K
  class space    used 548K, committed 640K, reserved 1048576K
}
Event: 1.577 GC heap after
{Heap after GC invocations=1 (full 0):
 garbage-first heap   total 260096K, used 4082K [0x0000000703a00000, 0x0000000800000000)
  region size 2048K, 2 young (4096K), 2 survivors (4096K)
 Metaspace       used 4733K, committed 4928K, reserved 1114112K
  class space    used 548K, committed 640K, reserved 1048576K
}

Deoptimization events (20 events):
Event: 37.690 Thread 0x0000017dc0951de0 DEOPT PACKING pc=0x0000017da78bcebc sp=0x0000005194efd410
Event: 37.690 Thread 0x0000017dc0951de0 DEOPT UNPACKING pc=0x0000017d9fde23a3 sp=0x0000005194efd3a0 mode 2
Event: 38.012 Thread 0x0000017dc0951de0 DEOPT PACKING pc=0x0000017da063fd04 sp=0x0000005194efe310
Event: 38.012 Thread 0x0000017dc0951de0 DEOPT UNPACKING pc=0x0000017d9fde2b43 sp=0x0000005194efd848 mode 0
Event: 38.012 Thread 0x0000017dc0951de0 Uncommon trap: trap_request=0xffffff45 fr.pc=0x0000017da78ffa98 relative=0x00000000000003b8
Event: 38.012 Thread 0x0000017dc0951de0 Uncommon trap: reason=unstable_if action=reinterpret pc=0x0000017da78ffa98 method=com.sun.javafx.image.PixelUtils.PretoNonPre(I)I @ 9 c2
Event: 38.012 Thread 0x0000017dc0951de0 DEOPT PACKING pc=0x0000017da78ffa98 sp=0x0000005194efe330
Event: 38.012 Thread 0x0000017dc0951de0 DEOPT UNPACKING pc=0x0000017d9fde23a3 sp=0x0000005194efe088 mode 2
Event: 38.046 Thread 0x0000017dc0951de0 DEOPT PACKING pc=0x0000017da06fbcf8 sp=0x0000005194efe430
Event: 38.046 Thread 0x0000017dc0951de0 DEOPT UNPACKING pc=0x0000017d9fde2b43 sp=0x0000005194efd908 mode 0
Event: 38.046 Thread 0x0000017dc0951de0 DEOPT PACKING pc=0x0000017da06fbcf8 sp=0x0000005194efe430
Event: 38.046 Thread 0x0000017dc0951de0 DEOPT UNPACKING pc=0x0000017d9fde2b43 sp=0x0000005194efd908 mode 0
Event: 38.051 Thread 0x0000017dc0951de0 DEOPT PACKING pc=0x0000017da06fbcf8 sp=0x0000005194efe430
Event: 38.051 Thread 0x0000017dc0951de0 DEOPT UNPACKING pc=0x0000017d9fde2b43 sp=0x0000005194efd908 mode 0
Event: 38.052 Thread 0x0000017dc0951de0 DEOPT PACKING pc=0x0000017da06fbcf8 sp=0x0000005194efe430
Event: 38.052 Thread 0x0000017dc0951de0 DEOPT UNPACKING pc=0x0000017d9fde2b43 sp=0x0000005194efd908 mode 0
Event: 38.052 Thread 0x0000017dc0951de0 DEOPT PACKING pc=0x0000017da06fbcf8 sp=0x0000005194efe430
Event: 38.052 Thread 0x0000017dc0951de0 DEOPT UNPACKING pc=0x0000017d9fde2b43 sp=0x0000005194efd908 mode 0
Event: 38.214 Thread 0x0000017dc0951de0 DEOPT PACKING pc=0x0000017da064b447 sp=0x0000005194efe460
Event: 38.214 Thread 0x0000017dc0951de0 DEOPT UNPACKING pc=0x0000017d9fde2b43 sp=0x0000005194efd9e8 mode 0

Classes loaded (20 events):
Event: 37.934 Loading class com/sun/media/sound/DirectAudioDevice$DirectDL$Gain
Event: 37.934 Loading class javax/sound/sampled/FloatControl
Event: 37.934 Loading class javax/sound/sampled/FloatControl done
Event: 37.934 Loading class com/sun/media/sound/DirectAudioDevice$DirectDL$Gain done
Event: 37.934 Loading class com/sun/media/sound/DirectAudioDevice$DirectDL$Mute
Event: 37.934 Loading class javax/sound/sampled/BooleanControl
Event: 37.934 Loading class javax/sound/sampled/BooleanControl done
Event: 37.934 Loading class com/sun/media/sound/DirectAudioDevice$DirectDL$Mute done
Event: 37.934 Loading class javax/sound/sampled/BooleanControl$Type
Event: 37.934 Loading class javax/sound/sampled/BooleanControl$Type done
Event: 37.934 Loading class com/sun/media/sound/DirectAudioDevice$DirectDL$Balance
Event: 37.934 Loading class com/sun/media/sound/DirectAudioDevice$DirectDL$Balance done
Event: 37.934 Loading class com/sun/media/sound/DirectAudioDevice$DirectDL$Pan
Event: 37.934 Loading class com/sun/media/sound/DirectAudioDevice$DirectDL$Pan done
Event: 37.959 Loading class javax/sound/sampled/LineEvent
Event: 37.959 Loading class javax/sound/sampled/LineEvent done
Event: 37.959 Loading class javax/sound/sampled/LineEvent$Type
Event: 37.959 Loading class javax/sound/sampled/LineEvent$Type done
Event: 37.959 Loading class com/sun/media/sound/EventDispatcher
Event: 37.959 Loading class com/sun/media/sound/EventDispatcher done

Classes unloaded (0 events):
No events

Classes redefined (0 events):
No events

Internal exceptions (20 events):
Event: 2.287 Thread 0x0000017dc0951de0 Exception <a 'java/lang/NoSuchMethodError'{0x0000000712be1020}: 'int java.lang.invoke.DirectMethodHandle$Holder.invokeSpecial(java.lang.Object, java.lang.Object, int)'> (0x0000000712be1020) 
thrown [s\open\src\hotspot\share\interpreter\linkResolver.cpp, line 766]
Event: 2.288 Thread 0x0000017dc0951de0 Exception <a 'java/lang/NoSuchMethodError'{0x0000000712be8cb0}: 'int java.lang.invoke.DirectMethodHandle$Holder.invokeSpecial(java.lang.Object, java.lang.Object, java.lang.Object, int)'> (0x0000000712be8cb0) 
thrown [s\open\src\hotspot\share\interpreter\linkResolver.cpp, line 766]
Event: 2.289 Thread 0x0000017dc0951de0 Exception <a 'java/lang/NoSuchMethodError'{0x0000000712bfb330}: 'java.lang.Object java.lang.invoke.DirectMethodHandle$Holder.invokeStatic(java.lang.Object, java.lang.Object, java.lang.Object, java.lang.Object, int)'> (0x0000000712bfb330) 
thrown [s\open\src\hotspot\share\interpreter\linkResolver.cpp, line 766]
Event: 2.289 Thread 0x0000017dc0951de0 Exception <a 'java/lang/NoSuchMethodError'{0x00000007128044e8}: 'int java.lang.invoke.DirectMethodHandle$Holder.invokeSpecial(java.lang.Object, java.lang.Object, java.lang.Object)'> (0x00000007128044e8) 
thrown [s\open\src\hotspot\share\interpreter\linkResolver.cpp, line 766]
Event: 2.297 Thread 0x0000017dc0951de0 Exception <a 'java/lang/NoSuchMethodError'{0x0000000712889af8}: 'java.lang.Object java.lang.invoke.DirectMethodHandle$Holder.newInvokeSpecial(java.lang.Object, java.lang.Object, int)'> (0x0000000712889af8) 
thrown [s\open\src\hotspot\share\interpreter\linkResolver.cpp, line 766]
Event: 2.330 Thread 0x0000017dc0951de0 Exception <a 'java/lang/ClassNotFoundException'{0x00000007128d8588}: sun/awt/resources/spi/awtProvider> (0x00000007128d8588) 
thrown [s\open\src\hotspot\share\classfile\systemDictionary.cpp, line 255]
Event: 2.358 Thread 0x0000017dc0951de0 Exception <a 'java/io/FileNotFoundException'{0x00000007128db7f0}> (0x00000007128db7f0) 
thrown [s\open\src\hotspot\share\prims\jni.cpp, line 516]
Event: 2.359 Thread 0x0000017dc0951de0 Exception <a 'java/io/FileNotFoundException'{0x00000007128dcd80}> (0x00000007128dcd80) 
thrown [s\open\src\hotspot\share\prims\jni.cpp, line 516]
Event: 2.383 Thread 0x0000017dc0951de0 Exception <a 'java/lang/NoSuchMethodError'{0x0000000712976e60}: 'java.lang.Object java.lang.invoke.DirectMethodHandle$Holder.invokeStaticInit(java.lang.Object, int, int, int, int)'> (0x0000000712976e60) 
thrown [s\open\src\hotspot\share\interpreter\linkResolver.cpp, line 766]
Event: 2.439 Thread 0x0000017dc0951de0 Exception <a 'java/lang/NoSuchMethodError'{0x0000000712648c50}: 'java.lang.Object java.lang.invoke.DirectMethodHandle$Holder.invokeStaticInit(java.lang.Object, java.lang.Object, int, int, int, int)'> (0x0000000712648c50) 
thrown [s\open\src\hotspot\share\interpreter\linkResolver.cpp, line 766]
Event: 2.471 Thread 0x0000017dc0951de0 Exception <a 'java/lang/NoSuchMethodError'{0x000000071271c588}: 'long java.lang.invoke.DirectMethodHandle$Holder.invokeStatic(java.lang.Object, java.lang.Object, java.lang.Object)'> (0x000000071271c588) 
thrown [s\open\src\hotspot\share\interpreter\linkResolver.cpp, line 766]
Event: 2.471 Thread 0x0000017dc0951de0 Exception <a 'java/lang/NoSuchMethodError'{0x000000071271fd28}: 'long java.lang.invoke.DirectMethodHandle$Holder.invokeStaticInit(java.lang.Object, java.lang.Object, java.lang.Object)'> (0x000000071271fd28) 
thrown [s\open\src\hotspot\share\interpreter\linkResolver.cpp, line 766]
Event: 2.473 Thread 0x0000017dc0951de0 Exception <a 'java/lang/NoSuchMethodError'{0x000000071273b750}: 'java.lang.Object java.lang.invoke.DirectMethodHandle$Holder.newInvokeSpecial(java.lang.Object, java.lang.Object, long)'> (0x000000071273b750) 
thrown [s\open\src\hotspot\share\interpreter\linkResolver.cpp, line 766]
Event: 2.473 Thread 0x0000017dc0951de0 Exception <a 'java/lang/NoSuchMethodError'{0x000000071273f2c8}: 'java.lang.Object java.lang.invoke.Invokers$Holder.linkToTargetMethod(java.lang.Object, long, java.lang.Object)'> (0x000000071273f2c8) 
thrown [s\open\src\hotspot\share\interpreter\linkResolver.cpp, line 766]
Event: 2.483 Thread 0x0000017dc0b35040 Exception <a 'java/lang/NoSuchMethodError'{0x00000007127c7ca0}: 'int java.lang.invoke.DirectMethodHandle$Holder.invokeStaticInit(java.lang.Object, java.lang.Object)'> (0x00000007127c7ca0) 
thrown [s\open\src\hotspot\share\interpreter\linkResolver.cpp, line 766]
Event: 37.692 Thread 0x0000017dc0951de0 Exception <a 'java/lang/NoSuchMethodError'{0x0000000711bf52a8}: 'void java.lang.invoke.DirectMethodHandle$Holder.invokeVirtual(java.lang.Object, java.lang.Object)'> (0x0000000711bf52a8) 
thrown [s\open\src\hotspot\share\interpreter\linkResolver.cpp, line 766]
Event: 37.787 Thread 0x0000017dc0951de0 Exception <a 'java/lang/NoSuchMethodError'{0x00000007118cc0f0}: 'java.lang.Object java.lang.invoke.DirectMethodHandle$Holder.invokeStatic(java.lang.Object, int, java.lang.Object)'> (0x00000007118cc0f0) 
thrown [s\open\src\hotspot\share\interpreter\linkResolver.cpp, line 766]
Event: 37.800 Thread 0x0000017dc0951de0 Exception <a 'java/lang/ClassNotFoundException'{0x0000000711988028}: com/sun/swing/internal/plaf/metal/resources/spi/metalProvider> (0x0000000711988028) 
thrown [s\open\src\hotspot\share\classfile\systemDictionary.cpp, line 255]
Event: 37.801 Thread 0x0000017dc0951de0 Exception <a 'java/lang/ClassNotFoundException'{0x000000071198c0e0}: com/sun/swing/internal/plaf/basic/resources/spi/basicProvider> (0x000000071198c0e0) 
thrown [s\open\src\hotspot\share\classfile\systemDictionary.cpp, line 255]
Event: 37.810 Thread 0x0000017dc0951de0 Exception <a 'java/lang/NoSuchMethodError'{0x00000007119c2c70}: 'int java.lang.invoke.Invokers$Holder.invokeExact_MT(java.lang.Object, java.lang.Object)'> (0x00000007119c2c70) 
thrown [s\open\src\hotspot\share\interpreter\linkResolver.cpp, line 766]

VM Operations (20 events):
Event: 23.484 Executing VM operation: Cleanup
Event: 23.484 Executing VM operation: Cleanup done
Event: 24.490 Executing VM operation: Cleanup
Event: 24.490 Executing VM operation: Cleanup done
Event: 28.535 Executing VM operation: Cleanup
Event: 28.535 Executing VM operation: Cleanup done
Event: 30.562 Executing VM operation: Cleanup
Event: 30.563 Executing VM operation: Cleanup done
Event: 37.295 Executing VM operation: HandshakeAllThreads
Event: 37.295 Executing VM operation: HandshakeAllThreads done
Event: 37.295 Executing VM operation: Cleanup
Event: 37.295 Executing VM operation: Cleanup done
Event: 37.621 Executing VM operation: HandshakeAllThreads
Event: 37.621 Executing VM operation: HandshakeAllThreads done
Event: 37.705 Executing VM operation: HandshakeAllThreads
Event: 37.705 Executing VM operation: HandshakeAllThreads done
Event: 37.705 Executing VM operation: HandshakeAllThreads
Event: 37.705 Executing VM operation: HandshakeAllThreads done
Event: 38.016 Executing VM operation: ICBufferFull
Event: 38.016 Executing VM operation: ICBufferFull done

Events (20 events):
Event: 1.389 Thread 0x0000017dc08a4040 Thread exited: 0x0000017dc08a4040
Event: 1.541 Thread 0x0000017dc0d14010 Thread added: 0x0000017dc0d14010
Event: 1.542 Thread 0x0000017dc089ab60 Thread added: 0x0000017dc089ab60
Event: 2.050 Loaded shared library D:\OOP\openjfx-18.0.1_windows-x64_bin-sdk\javafx-sdk-18.0.1\bin\javafx_font.dll
Event: 2.144 Thread 0x0000017dc0dbfdf0 Thread added: 0x0000017dc0dbfdf0
Event: 2.196 Thread 0x0000017dc0f5c950 Thread added: 0x0000017dc0f5c950
Event: 2.357 Loaded shared library C:\Users\DELL\.jdks\openjdk-18.0.1.1\bin\awt.dll
Event: 2.444 Thread 0x0000017dc0dbf920 Thread added: 0x0000017dc0dbf920
Event: 2.565 Thread 0x0000017dc0f5c950 Thread exited: 0x0000017dc0f5c950
Event: 37.625 Thread 0x0000017dc11575b0 Thread added: 0x0000017dc11575b0
Event: 37.625 Thread 0x0000017dc115a340 Thread added: 0x0000017dc115a340
Event: 37.755 Thread 0x0000017dc0dc32e0 Thread added: 0x0000017dc0dc32e0
Event: 37.756 Thread 0x0000017dc0dc1ad0 Thread added: 0x0000017dc0dc1ad0
Event: 37.841 Loaded shared library C:\Users\DELL\.jdks\openjdk-18.0.1.1\bin\jsound.dll
Event: 37.924 Thread 0x0000017dc115a340 Thread exited: 0x0000017dc115a340
Event: 37.959 Thread 0x0000017dc0dc02c0 Thread added: 0x0000017dc0dc02c0
Event: 37.974 Thread 0x0000017dc0dc1fa0 Thread added: 0x0000017dc0dc1fa0
Event: 37.979 Thread 0x0000017dc11575b0 Thread exited: 0x0000017dc11575b0
Event: 38.142 Thread 0x0000017dc147eb10 Thread added: 0x0000017dc147eb10
Event: 38.156 Thread 0x0000017dc1480e80 Thread added: 0x0000017dc1480e80


Dynamic libraries:
0x00007ff7e4180000 - 0x00007ff7e418e000 	C:\Users\DELL\.jdks\openjdk-18.0.1.1\bin\java.exe
0x00007ffafa2c0000 - 0x00007ffafa4c9000 	C:\WINDOWS\SYSTEM32\ntdll.dll
0x00007ffaf85d0000 - 0x00007ffaf868d000 	C:\WINDOWS\System32\KERNEL32.DLL
0x00007ffaf7cc0000 - 0x00007ffaf8039000 	C:\WINDOWS\System32\KERNELBASE.dll
0x00007ffaf8040000 - 0x00007ffaf8151000 	C:\WINDOWS\System32\ucrtbase.dll
0x00007ffac9210000 - 0x00007ffac9227000 	C:\Users\DELL\.jdks\openjdk-18.0.1.1\bin\jli.dll
0x00007ffac1490000 - 0x00007ffac14aa000 	C:\Users\DELL\.jdks\openjdk-18.0.1.1\bin\VCRUNTIME140.dll
0x00007ffafa0d0000 - 0x00007ffafa27c000 	C:\WINDOWS\System32\USER32.dll
0x00007ffadd260000 - 0x00007ffadd505000 	C:\WINDOWS\WinSxS\amd64_microsoft.windows.common-controls_6595b64144ccf1df_6.0.22000.120_none_9d947278b86cc467\COMCTL32.dll
0x00007ffaf7bd0000 - 0x00007ffaf7bf6000 	C:\WINDOWS\System32\win32u.dll
0x00007ffafa010000 - 0x00007ffafa0b3000 	C:\WINDOWS\System32\msvcrt.dll
0x00007ffaf8780000 - 0x00007ffaf87a9000 	C:\WINDOWS\System32\GDI32.dll
0x00007ffaf78c0000 - 0x00007ffaf79d2000 	C:\WINDOWS\System32\gdi32full.dll
0x00007ffaf7820000 - 0x00007ffaf78bd000 	C:\WINDOWS\System32\msvcp_win.dll
0x00007ffaf8860000 - 0x00007ffaf8891000 	C:\WINDOWS\System32\IMM32.DLL
0x00007ffad2280000 - 0x00007ffad228c000 	C:\Users\DELL\.jdks\openjdk-18.0.1.1\bin\vcruntime140_1.dll
0x00007ffaae840000 - 0x00007ffaae8cd000 	C:\Users\DELL\.jdks\openjdk-18.0.1.1\bin\msvcp140.dll
0x00007ffa58520000 - 0x00007ffa59130000 	C:\Users\DELL\.jdks\openjdk-18.0.1.1\bin\server\jvm.dll
0x00007ffaf87b0000 - 0x00007ffaf885e000 	C:\WINDOWS\System32\ADVAPI32.dll
0x00007ffaf9f00000 - 0x00007ffaf9f9e000 	C:\WINDOWS\System32\sechost.dll
0x00007ffaf88a0000 - 0x00007ffaf89c0000 	C:\WINDOWS\System32\RPCRT4.dll
0x00007ffaf9090000 - 0x00007ffaf9098000 	C:\WINDOWS\System32\PSAPI.DLL
0x00007ffae6aa0000 - 0x00007ffae6aa9000 	C:\WINDOWS\SYSTEM32\WSOCK32.dll
0x00007ffaefe60000 - 0x00007ffaefe93000 	C:\WINDOWS\SYSTEM32\WINMM.dll
0x00007ffaf8a70000 - 0x00007ffaf8adf000 	C:\WINDOWS\System32\WS2_32.dll
0x00007ffaeb490000 - 0x00007ffaeb49a000 	C:\WINDOWS\SYSTEM32\VERSION.dll
0x00007ffaf69a0000 - 0x00007ffaf69b8000 	C:\WINDOWS\SYSTEM32\kernel.appcore.dll
0x00007ffad2180000 - 0x00007ffad218a000 	C:\Users\DELL\.jdks\openjdk-18.0.1.1\bin\jimage.dll
0x00007ffaf51f0000 - 0x00007ffaf5411000 	C:\WINDOWS\SYSTEM32\DBGHELP.DLL
0x00007ffaefe20000 - 0x00007ffaefe51000 	C:\WINDOWS\SYSTEM32\dbgcore.DLL
0x00007ffaf79e0000 - 0x00007ffaf7a5f000 	C:\WINDOWS\System32\bcryptPrimitives.dll
0x00007ffac9e70000 - 0x00007ffac9e7e000 	C:\Users\DELL\.jdks\openjdk-18.0.1.1\bin\instrument.dll
0x00007ffab8840000 - 0x00007ffab8865000 	C:\Users\DELL\.jdks\openjdk-18.0.1.1\bin\java.dll
0x00007ffaa5ef0000 - 0x00007ffaa5fc6000 	C:\Users\DELL\.jdks\openjdk-18.0.1.1\bin\jsvml.dll
0x00007ffaf93d0000 - 0x00007ffaf9b7f000 	C:\WINDOWS\System32\SHELL32.dll
0x00007ffaf58f0000 - 0x00007ffaf6158000 	C:\WINDOWS\SYSTEM32\windows.storage.dll
0x00007ffaf8d10000 - 0x00007ffaf9088000 	C:\WINDOWS\System32\combase.dll
0x00007ffaf5780000 - 0x00007ffaf58e6000 	C:\WINDOWS\SYSTEM32\wintypes.dll
0x00007ffaf9e10000 - 0x00007ffaf9efa000 	C:\WINDOWS\System32\SHCORE.dll
0x00007ffaf8af0000 - 0x00007ffaf8b4d000 	C:\WINDOWS\System32\shlwapi.dll
0x00007ffaf76e0000 - 0x00007ffaf7701000 	C:\WINDOWS\SYSTEM32\profapi.dll
0x00007ffabe490000 - 0x00007ffabe4a3000 	C:\Users\DELL\.jdks\openjdk-18.0.1.1\bin\net.dll
0x00007ffaee7c0000 - 0x00007ffaee8cc000 	C:\WINDOWS\SYSTEM32\WINHTTP.dll
0x00007ffaf6dd0000 - 0x00007ffaf6e37000 	C:\WINDOWS\system32\mswsock.dll
0x00007ffaba9d0000 - 0x00007ffaba9e6000 	C:\Users\DELL\.jdks\openjdk-18.0.1.1\bin\nio.dll
0x00007ffab4640000 - 0x00007ffab4658000 	C:\Users\DELL\.jdks\openjdk-18.0.1.1\bin\zip.dll
0x00007ffaaf990000 - 0x00007ffaaf9aa000 	D:\OneDrive - VietNam National University - HCM INTERNATIONAL UNIVERSITY\IntelliJ IDEA Community Edition 2022.1.1\bin\breakgen64.dll
0x0000017dbbe90000 - 0x0000017dbbe93000 	D:\OOP\openjfx-18.0.1_windows-x64_bin-sdk\javafx-sdk-18.0.1\bin\api-ms-win-core-console-l1-1-0.dll
0x0000017dbbea0000 - 0x0000017dbbea3000 	D:\OOP\openjfx-18.0.1_windows-x64_bin-sdk\javafx-sdk-18.0.1\bin\api-ms-win-core-console-l1-2-0.dll
0x0000017dbbeb0000 - 0x0000017dbbeb3000 	D:\OOP\openjfx-18.0.1_windows-x64_bin-sdk\javafx-sdk-18.0.1\bin\api-ms-win-core-datetime-l1-1-0.dll
0x0000017dbbec0000 - 0x0000017dbbec3000 	D:\OOP\openjfx-18.0.1_windows-x64_bin-sdk\javafx-sdk-18.0.1\bin\api-ms-win-core-debug-l1-1-0.dll
0x0000017dbbed0000 - 0x0000017dbbed3000 	D:\OOP\openjfx-18.0.1_windows-x64_bin-sdk\javafx-sdk-18.0.1\bin\api-ms-win-core-errorhandling-l1-1-0.dll
0x0000017dbbee0000 - 0x0000017dbbee4000 	D:\OOP\openjfx-18.0.1_windows-x64_bin-sdk\javafx-sdk-18.0.1\bin\api-ms-win-core-file-l1-1-0.dll
0x0000017dbbef0000 - 0x0000017dbbef3000 	D:\OOP\openjfx-18.0.1_windows-x64_bin-sdk\javafx-sdk-18.0.1\bin\api-ms-win-core-file-l1-2-0.dll
0x0000017dbbf00000 - 0x0000017dbbf03000 	D:\OOP\openjfx-18.0.1_windows-x64_bin-sdk\javafx-sdk-18.0.1\bin\api-ms-win-core-file-l2-1-0.dll
0x0000017dbbf10000 - 0x0000017dbbf13000 	D:\OOP\openjfx-18.0.1_windows-x64_bin-sdk\javafx-sdk-18.0.1\bin\api-ms-win-core-handle-l1-1-0.dll
0x0000017dbbf20000 - 0x0000017dbbf23000 	D:\OOP\openjfx-18.0.1_windows-x64_bin-sdk\javafx-sdk-18.0.1\bin\api-ms-win-core-heap-l1-1-0.dll
0x0000017dbbf30000 - 0x0000017dbbf33000 	D:\OOP\openjfx-18.0.1_windows-x64_bin-sdk\javafx-sdk-18.0.1\bin\api-ms-win-core-interlocked-l1-1-0.dll
0x0000017dbbf40000 - 0x0000017dbbf43000 	D:\OOP\openjfx-18.0.1_windows-x64_bin-sdk\javafx-sdk-18.0.1\bin\api-ms-win-core-libraryloader-l1-1-0.dll
0x0000017dbbf50000 - 0x0000017dbbf53000 	D:\OOP\openjfx-18.0.1_windows-x64_bin-sdk\javafx-sdk-18.0.1\bin\api-ms-win-core-localization-l1-2-0.dll
0x0000017dbbf60000 - 0x0000017dbbf63000 	D:\OOP\openjfx-18.0.1_windows-x64_bin-sdk\javafx-sdk-18.0.1\bin\api-ms-win-core-memory-l1-1-0.dll
0x0000017dbbf70000 - 0x0000017dbbf73000 	D:\OOP\openjfx-18.0.1_windows-x64_bin-sdk\javafx-sdk-18.0.1\bin\api-ms-win-core-namedpipe-l1-1-0.dll
0x0000017dbbf80000 - 0x0000017dbbf83000 	D:\OOP\openjfx-18.0.1_windows-x64_bin-sdk\javafx-sdk-18.0.1\bin\api-ms-win-core-processenvironment-l1-1-0.dll
0x0000017dbbf90000 - 0x0000017dbbf93000 	D:\OOP\openjfx-18.0.1_windows-x64_bin-sdk\javafx-sdk-18.0.1\bin\api-ms-win-core-processthreads-l1-1-0.dll
0x0000017dbbfa0000 - 0x0000017dbbfa3000 	D:\OOP\openjfx-18.0.1_windows-x64_bin-sdk\javafx-sdk-18.0.1\bin\api-ms-win-core-processthreads-l1-1-1.dll
0x0000017dbbfb0000 - 0x0000017dbbfb3000 	D:\OOP\openjfx-18.0.1_windows-x64_bin-sdk\javafx-sdk-18.0.1\bin\api-ms-win-core-profile-l1-1-0.dll
0x0000017dbbfc0000 - 0x0000017dbbfc3000 	D:\OOP\openjfx-18.0.1_windows-x64_bin-sdk\javafx-sdk-18.0.1\bin\api-ms-win-core-rtlsupport-l1-1-0.dll
0x0000017dbbfd0000 - 0x0000017dbbfd3000 	D:\OOP\openjfx-18.0.1_windows-x64_bin-sdk\javafx-sdk-18.0.1\bin\api-ms-win-core-string-l1-1-0.dll
0x0000017dbbfe0000 - 0x0000017dbbfe3000 	D:\OOP\openjfx-18.0.1_windows-x64_bin-sdk\javafx-sdk-18.0.1\bin\api-ms-win-core-synch-l1-1-0.dll
0x0000017dbbff0000 - 0x0000017dbbff3000 	D:\OOP\openjfx-18.0.1_windows-x64_bin-sdk\javafx-sdk-18.0.1\bin\api-ms-win-core-synch-l1-2-0.dll
0x0000017dc1bd0000 - 0x0000017dc1bd3000 	D:\OOP\openjfx-18.0.1_windows-x64_bin-sdk\javafx-sdk-18.0.1\bin\api-ms-win-core-sysinfo-l1-1-0.dll
0x0000017dc1be0000 - 0x0000017dc1be3000 	D:\OOP\openjfx-18.0.1_windows-x64_bin-sdk\javafx-sdk-18.0.1\bin\api-ms-win-core-timezone-l1-1-0.dll
0x0000017dc1bf0000 - 0x0000017dc1bf3000 	D:\OOP\openjfx-18.0.1_windows-x64_bin-sdk\javafx-sdk-18.0.1\bin\api-ms-win-core-util-l1-1-0.dll
0x0000017dc1c00000 - 0x0000017dc1c03000 	D:\OOP\openjfx-18.0.1_windows-x64_bin-sdk\javafx-sdk-18.0.1\bin\api-ms-win-crt-conio-l1-1-0.dll
0x0000017dc1c10000 - 0x0000017dc1c14000 	D:\OOP\openjfx-18.0.1_windows-x64_bin-sdk\javafx-sdk-18.0.1\bin\api-ms-win-crt-convert-l1-1-0.dll
0x0000017dc1c20000 - 0x0000017dc1c23000 	D:\OOP\openjfx-18.0.1_windows-x64_bin-sdk\javafx-sdk-18.0.1\bin\api-ms-win-crt-environment-l1-1-0.dll
0x0000017dc1c30000 - 0x0000017dc1c33000 	D:\OOP\openjfx-18.0.1_windows-x64_bin-sdk\javafx-sdk-18.0.1\bin\api-ms-win-crt-filesystem-l1-1-0.dll
0x0000017dc1c40000 - 0x0000017dc1c43000 	D:\OOP\openjfx-18.0.1_windows-x64_bin-sdk\javafx-sdk-18.0.1\bin\api-ms-win-crt-heap-l1-1-0.dll
0x0000017dc1c50000 - 0x0000017dc1c53000 	D:\OOP\openjfx-18.0.1_windows-x64_bin-sdk\javafx-sdk-18.0.1\bin\api-ms-win-crt-locale-l1-1-0.dll
0x0000017dc1c60000 - 0x0000017dc1c65000 	D:\OOP\openjfx-18.0.1_windows-x64_bin-sdk\javafx-sdk-18.0.1\bin\api-ms-win-crt-math-l1-1-0.dll
0x0000017dc1c70000 - 0x0000017dc1c75000 	D:\OOP\openjfx-18.0.1_windows-x64_bin-sdk\javafx-sdk-18.0.1\bin\api-ms-win-crt-multibyte-l1-1-0.dll
0x0000017dc1c80000 - 0x0000017dc1c90000 	D:\OOP\openjfx-18.0.1_windows-x64_bin-sdk\javafx-sdk-18.0.1\bin\api-ms-win-crt-private-l1-1-0.dll
0x0000017dc1c90000 - 0x0000017dc1c93000 	D:\OOP\openjfx-18.0.1_windows-x64_bin-sdk\javafx-sdk-18.0.1\bin\api-ms-win-crt-process-l1-1-0.dll
0x0000017dc1ca0000 - 0x0000017dc1ca4000 	D:\OOP\openjfx-18.0.1_windows-x64_bin-sdk\javafx-sdk-18.0.1\bin\api-ms-win-crt-runtime-l1-1-0.dll
0x0000017dc1cb0000 - 0x0000017dc1cb4000 	D:\OOP\openjfx-18.0.1_windows-x64_bin-sdk\javafx-sdk-18.0.1\bin\api-ms-win-crt-stdio-l1-1-0.dll
0x0000017dc1cc0000 - 0x0000017dc1cc4000 	D:\OOP\openjfx-18.0.1_windows-x64_bin-sdk\javafx-sdk-18.0.1\bin\api-ms-win-crt-string-l1-1-0.dll
0x0000017dc1cd0000 - 0x0000017dc1cd3000 	D:\OOP\openjfx-18.0.1_windows-x64_bin-sdk\javafx-sdk-18.0.1\bin\api-ms-win-crt-time-l1-1-0.dll
0x0000017dc1ce0000 - 0x0000017dc1ce3000 	D:\OOP\openjfx-18.0.1_windows-x64_bin-sdk\javafx-sdk-18.0.1\bin\api-ms-win-crt-utility-l1-1-0.dll
0x00007ffa9e7c0000 - 0x00007ffa9e8bc000 	D:\OOP\openjfx-18.0.1_windows-x64_bin-sdk\javafx-sdk-18.0.1\bin\ucrtbase.dll
0x00007ffaaf810000 - 0x00007ffaaf82a000 	D:\OOP\openjfx-18.0.1_windows-x64_bin-sdk\javafx-sdk-18.0.1\bin\vcruntime140.dll
0x00007ffac7e70000 - 0x00007ffac7e7c000 	D:\OOP\openjfx-18.0.1_windows-x64_bin-sdk\javafx-sdk-18.0.1\bin\vcruntime140_1.dll
0x00007ffaa6840000 - 0x00007ffaa68cd000 	D:\OOP\openjfx-18.0.1_windows-x64_bin-sdk\javafx-sdk-18.0.1\bin\msvcp140.dll
0x00007ffaaf370000 - 0x00007ffaaf39c000 	D:\OOP\openjfx-18.0.1_windows-x64_bin-sdk\javafx-sdk-18.0.1\bin\prism_d3d.dll
0x00007ffad90d0000 - 0x00007ffad9276000 	C:\WINDOWS\system32\d3d9.dll
0x00007ffaf4cf0000 - 0x00007ffaf4d1f000 	C:\WINDOWS\SYSTEM32\dwmapi.dll
0x00007ffaf4c50000 - 0x00007ffaf4c88000 	C:\WINDOWS\SYSTEM32\dxcore.dll
0x00007ffaf1860000 - 0x00007ffaf190c000 	C:\WINDOWS\system32\uxtheme.dll
0x00007ffa7e880000 - 0x00007ffa7e9e5000 	C:\WINDOWS\System32\DriverStore\FileRepository\iigd_dch.inf_amd64_4de65d949492707a\igdumdim64.dll
0x00007ffaf9c70000 - 0x00007ffaf9e0a000 	C:\WINDOWS\System32\ole32.dll
0x00007ffa53da0000 - 0x00007ffa57a2b000 	C:\WINDOWS\System32\DriverStore\FileRepository\iigd_dch.inf_amd64_4de65d949492707a\igd9dxva64.dll
0x00007ffaf9250000 - 0x00007ffaf9326000 	C:\WINDOWS\System32\OLEAUT32.dll
0x00007ffaf8160000 - 0x00007ffaf85cc000 	C:\WINDOWS\System32\SETUPAPI.dll
0x00007ffaf74b0000 - 0x00007ffaf74fc000 	C:\WINDOWS\SYSTEM32\cfgmgr32.dll
0x00007ffaec170000 - 0x00007ffaec4a6000 	C:\WINDOWS\System32\DriverStore\FileRepository\iigd_dch.inf_amd64_4de65d949492707a\igdgmm64.dll
0x00007ffaefda0000 - 0x00007ffaefde4000 	C:\WINDOWS\SYSTEM32\directxdatabasehelper.dll
0x00007ffaf6640000 - 0x00007ffaf6674000 	C:\WINDOWS\SYSTEM32\ntmarta.dll
0x00007ffaaf280000 - 0x00007ffaaf2c2000 	D:\OOP\openjfx-18.0.1_windows-x64_bin-sdk\javafx-sdk-18.0.1\bin\glass.dll
0x00007ffaf9b80000 - 0x00007ffaf9c6c000 	C:\WINDOWS\System32\COMDLG32.dll
0x00007ffad6730000 - 0x00007ffad6861000 	C:\ProgramData\A-Volute\DellInc.AlienwareSoundCenter\Modules\ScheduledModules\x64\AudioDevProps2.dll
0x00007ffad6870000 - 0x00007ffad691e000 	C:\ProgramData\A-Volute\DellInc.AlienwareSoundCenter\Modules\ScheduledModules\x64\NahimicOSD.dll
0x00007ffadf830000 - 0x00007ffadf851000 	C:\ProgramData\A-Volute\DellInc.AlienwareSoundCenter\Modules\ScheduledModules\x64\ProductInfo.dll
0x00007ffaf9130000 - 0x00007ffaf924e000 	C:\WINDOWS\System32\MSCTF.dll
0x00007ffab75d0000 - 0x00007ffab75f7000 	C:\WINDOWS\System32\DriverStore\FileRepository\iigd_dch.inf_amd64_4de65d949492707a\igdinfo64.dll
0x00007ffae7140000 - 0x00007ffae9ecf000 	C:\WINDOWS\System32\DriverStore\FileRepository\iigd_dch.inf_amd64_4de65d949492707a\igc64.dll
0x00007ffaaf260000 - 0x00007ffaaf274000 	D:\OOP\openjfx-18.0.1_windows-x64_bin-sdk\javafx-sdk-18.0.1\bin\javafx_font.dll
0x00007ffad3910000 - 0x00007ffad3b6f000 	C:\WINDOWS\SYSTEM32\dwrite.dll
0x00007ffaf89c0000 - 0x00007ffaf8a6f000 	C:\WINDOWS\System32\clbcatq.dll
0x00007ffaee610000 - 0x00007ffaee7be000 	C:\WINDOWS\SYSTEM32\WindowsCodecs.dll
0x00007ffadf7b0000 - 0x00007ffadf80d000 	C:\WINDOWS\system32\dataexchange.dll
0x00007ffaed360000 - 0x00007ffaed5c6000 	C:\WINDOWS\system32\twinapi.appcore.dll
0x00007ffaba9f0000 - 0x00007ffabaa22000 	C:\Program Files\Common Files\Microsoft Shared\Ink\rtscom.dll
0x00007ffad6020000 - 0x00007ffad614d000 	C:\WINDOWS\SYSTEM32\textinputframework.dll
0x00007ffaf1490000 - 0x00007ffaf15c2000 	C:\WINDOWS\SYSTEM32\CoreMessaging.dll
0x00007ffaef590000 - 0x00007ffaef8fd000 	C:\WINDOWS\SYSTEM32\CoreUIComponents.dll
0x00007ffaf7030000 - 0x00007ffaf703c000 	C:\WINDOWS\SYSTEM32\CRYPTBASE.DLL
0x00007ffa9c370000 - 0x00007ffa9c4fe000 	C:\Users\DELL\.jdks\openjdk-18.0.1.1\bin\awt.dll
0x00007ffaf1780000 - 0x00007ffaf1811000 	C:\WINDOWS\SYSTEM32\apphelp.dll
0x00007ffaf7010000 - 0x00007ffaf7028000 	C:\WINDOWS\SYSTEM32\CRYPTSP.dll

dbghelp: loaded successfully - version: 4.0.5 - missing functions: none
symbol engine: initialized successfully - sym options: 0x614 - pdb path: .;C:\Users\DELL\.jdks\openjdk-18.0.1.1\bin;C:\WINDOWS\SYSTEM32;C:\WINDOWS\WinSxS\amd64_microsoft.windows.common-controls_6595b64144ccf1df_6.0.22000.120_none_9d947278b86cc467;C:\Users\DELL\.jdks\openjdk-18.0.1.1\bin\server;D:\OneDrive - VietNam National University - HCM INTERNATIONAL UNIVERSITY\IntelliJ IDEA Community Edition 2022.1.1\bin;D:\OOP\openjfx-18.0.1_windows-x64_bin-sdk\javafx-sdk-18.0.1\bin;C:\WINDOWS\System32\DriverStore\FileRepository\iigd_dch.inf_amd64_4de65d949492707a;C:\ProgramData\A-Volute\DellInc.AlienwareSoundCenter\Modules\ScheduledModules\x64;C:\Program Files\Common Files\Microsoft Shared\Ink

VM Arguments:
jvm_args: --module-path=D:\OOP\openjfx-18.0.1_windows-x64_bin-sdk\javafx-sdk-18.0.1\lib --add-modules=javafx.controls -javaagent:D:\OneDrive - VietNam National University - HCM INTERNATIONAL UNIVERSITY\IntelliJ IDEA Community Edition 2022.1.1\lib\idea_rt.jar=64401:D:\OneDrive - VietNam National University - HCM INTERNATIONAL UNIVERSITY\IntelliJ IDEA Community Edition 2022.1.1\bin -Dfile.encoding=UTF-8 
java_command: GameRunner.RunBomberman
java_class_path (initial): D:\OneDrive - VietNam National University - HCM INTERNATIONAL UNIVERSITY\OOP course\Project\OOP_BOMBERMAN_GAME\target\classes;C:\Users\DELL\.m2\repository\org\openjfx\javafx-controls\18.0.1\javafx-controls-18.0.1.jar;C:\Users\DELL\.m2\repository\org\openjfx\javafx-controls\18.0.1\javafx-controls-18.0.1-win.jar;C:\Users\DELL\.m2\repository\org\openjfx\javafx-fxml\18.0.1\javafx-fxml-18.0.1.jar;C:\Users\DELL\.m2\repository\org\openjfx\javafx-fxml\18.0.1\javafx-fxml-18.0.1-win.jar;C:\Users\DELL\.m2\repository\org\openjfx\javafx-base\18.0.1\javafx-base-18.0.1.jar;C:\Users\DELL\.m2\repository\org\openjfx\javafx-base\18.0.1\javafx-base-18.0.1-win.jar;C:\Users\DELL\.m2\repository\org\openjfx\javafx-graphics\18.0.1\javafx-graphics-18.0.1.jar;C:\Users\DELL\.m2\repository\org\openjfx\javafx-graphics\18.0.1\javafx-graphics-18.0.1-win.jar;C:\Users\DELL\.m2\repository\org\openjfx\javafx-media\18.0.1\javafx-media-18.0.1.jar;C:\Users\DELL\.m2\repository\org\openjfx\javafx-media\18.0.1\javafx-media-18.0.1-win.jar;C:\Users\DELL\.m2\repository\de\huxhorn\sulky\de.huxhorn.sulky.sounds-impl-jlayer\8.3.0\de.huxhorn.sulky.sounds-impl-jlayer-8.3.0.jar;C:\Users\DELL\.m2\repository\de\huxhorn\sulky\de.huxhorn.sulky.3rdparty.jlayer\1.0\de.huxhorn.sulky.3rdparty.jlayer-1.0.jar;C:\Users\DELL\.m2\repository\org\slf4j\slf4j-api\1.7.32\slf4j-api-1.7.32.jar;C:\Users\DELL\.m2\repository\de\huxhorn\sulky\de.huxhorn.sulky.sounds-api\8.3.0\de.huxhorn.sulky.sounds-api-8.3.0.jar
Launcher Type: SUN_STANDARD

[Global flags]
     intx CICompilerCount                          = 4                                         {product} {ergonomic}
     uint ConcGCThreads                            = 3                                         {product} {ergonomic}
     uint G1ConcRefinementThreads                  = 10                                        {product} {ergonomic}
   size_t G1HeapRegionSize                         = 2097152                                   {product} {ergonomic}
    uintx GCDrainStackTargetSize                   = 64                                        {product} {ergonomic}
   size_t InitialHeapSize                          = 266338304                                 {product} {ergonomic}
   size_t MarkStackSize                            = 4194304                                   {product} {ergonomic}
   size_t MaxHeapSize                              = 4234149888                                {product} {ergonomic}
   size_t MaxNewSize                               = 2539651072                                {product} {ergonomic}
   size_t MinHeapDeltaBytes                        = 2097152                                   {product} {ergonomic}
   size_t MinHeapSize                              = 8388608                                   {product} {ergonomic}
    uintx NonNMethodCodeHeapSize                   = 5839372                                {pd product} {ergonomic}
    uintx NonProfiledCodeHeapSize                  = 122909434                              {pd product} {ergonomic}
    uintx ProfiledCodeHeapSize                     = 122909434                              {pd product} {ergonomic}
    uintx ReservedCodeCacheSize                    = 251658240                              {pd product} {ergonomic}
     bool SegmentedCodeCache                       = true                                      {product} {ergonomic}
   size_t SoftMaxHeapSize                          = 4234149888                             {manageable} {ergonomic}
     bool UseCompressedClassPointers               = true                           {product lp64_product} {ergonomic}
     bool UseCompressedOops                        = true                           {product lp64_product} {ergonomic}
     bool UseG1GC                                  = true                                      {product} {ergonomic}
     bool UseLargePagesIndividualAllocation        = false                                  {pd product} {ergonomic}

Logging:
Log output configuration:
 #0: stdout all=warning uptime,level,tags foldmultilines=false
 #1: stderr all=off uptime,level,tags foldmultilines=false

Environment Variables:
JAVA_HOME=C:\Program Files\Java\jdk-17.0.2
PATH=C:\Program Files\Common Files\Oracle\Java\javapath;C:\Program Files (x86)\Common Files\Oracle\Java\javapath;C:\Windows\system32;C:\Windows;C:\Windows\System32\Wbem;C:\Windows\System32\WindowsPowerShell\v1.0\;C:\Windows\System32\OpenSSH\;C:\Program Files (x86)\NVIDIA Corporation\PhysX\Common;C:\Program Files\NVIDIA Corporation\NVIDIA NvDLISR;C:\WINDOWS\system32;C:\WINDOWS;C:\WINDOWS\System32\Wbem;C:\WINDOWS\System32\WindowsPowerShell\v1.0\;C:\WINDOWS\System32\OpenSSH\;C:\Program Files\Git\cmd;C:\Program Files\dotnet\;C:\Program Files\nodejs\;C:\Users\DELL\AppData\Local\Programs\Python\Python39\Scripts\;C:\Users\DELL\AppData\Local\Programs\Python\Python39\;C:\Users\DELL\AppData\Local\Microsoft\WindowsApps;D:\Microsoft VS Code\bin;C:\Program Files (x86)\mingw-w64\i686-8.1.0-posix-dwarf-rt_v6-rev0\mingw32\bin;C:\Users\DELL\AppData\Local\GitHubDesktop\bin;C:\Users\DELL\AppData\Roaming\npm
USERNAME=DELL
OS=Windows_NT
PROCESSOR_IDENTIFIER=Intel64 Family 6 Model 165 Stepping 2, GenuineIntel



---------------  S Y S T E M  ---------------

OS:
 Windows 11 , 64 bit Build 22000 (10.0.22000.675)
OS uptime: 1 days 11:26 hours

CPU: total 12 (initial active 12) (6 cores per cpu, 2 threads per core) family 6 model 165 stepping 2 microcode 0xf0, cx8, cmov, fxsr, ht, mmx, 3dnowpref, sse, sse2, sse3, ssse3, sse4.1, sse4.2, popcnt, lzcnt, tsc, tscinvbit, avx, avx2, aes, erms, clmul, bmi1, bmi2, adx, fma, vzeroupper, clflush, clflushopt

Memory: 4k page, system-wide physical 16145M (2635M free)
TotalPageFile size 35395M (AvailPageFile size 18M)
current process WorkingSet (physical memory assigned to process): 215M, peak: 232M
current process commit charge ("private bytes"): 462M, peak: 481M

vm_info: OpenJDK 64-Bit Server VM (18.0.1.1+2-6) for windows-amd64 JRE (18.0.1.1+2-6), built on Apr 25 2022 21:50:56 by "mach5one" with MS VC++ 16.8 / 16.9 (VS2019)

END.
